<?xml version="1.0" encoding="UTF-8"?>
<!-- Generated by org.testng.reporters.JUnitReportReporter -->
<testsuite hostname="Ankit" failures="0" tests="1" name="Tests.test" time="20.834" errors="0" timestamp="2024-11-11T15:48:13 IST" skipped="0">
  <testcase classname="Tests.test" name="logintest" time="20.834"/>
</testsuite> <!-- Tests.test -->
