<?xml version="1.0" encoding="UTF-8"?>
<!-- Generated by org.testng.reporters.JUnitReportReporter -->
<testsuite hostname="Ankit" failures="0" tests="1" name="Tests.BuzzPageTest" time="10.332" errors="0" timestamp="2024-11-11T16:46:47 IST" skipped="0">
  <testcase classname="Tests.BuzzPageTest" name="postWithImage" time="10.332"/>
</testsuite> <!-- Tests.BuzzPageTest -->
